<?xml version="1.0" encoding="UTF-8"?>
<!-- Generated by org.testng.reporters.JUnitReportReporter -->
<testsuite hostname="NILEH" failures="0" tests="3" name="qa.test.TestUrl" time="12.567" errors="0" timestamp="2022-05-11T17:57:20 IST" skipped="0">
  <testcase classname="qa.test.TestUrl" name="get" time="0.016"/>
  <system-out/>
  <testcase classname="qa.test.TestUrl" name="lauch" time="12.140"/>
  <system-out/>
  <testcase classname="qa.test.TestUrl" name="login" time="0.411"/>
  <system-out/>
</testsuite> <!-- qa.test.TestUrl -->
